<?xml version="1.0" encoding="UTF-8"?>
<testng-results ignored="0" total="1" passed="1" failed="0" skipped="0">
  <reporter-output>
  </reporter-output>
  <suite started-at="2024-02-04T15:39:48 IST" name="Suite" finished-at="2024-02-04T15:40:30 IST" duration-ms="42472">
    <groups>
    </groups>
    <test started-at="2024-02-04T15:39:48 IST" name="Test" finished-at="2024-02-04T15:40:30 IST" duration-ms="42472">
      <class name="testCases.TC_002_LoginTest">
        <test-method is-config="true" signature="setup(java.lang.String,java.lang.String)[pri:0, instance:testCases.TC_002_LoginTest@1fa268de]" started-at="2024-02-04T15:39:48 IST" name="setup" finished-at="2024-02-04T15:40:22 IST" duration-ms="33973" status="PASS">
          <params>
            <param index="0">
              <value>
                <![CDATA[windows]]>
              </value>
            </param>
            <param index="1">
              <value>
                <![CDATA[chrome]]>
              </value>
            </param>
          </params>
          <reporter-output>
          </reporter-output>
        </test-method> <!-- setup -->
        <test-method signature="verify_Login()[pri:0, instance:testCases.TC_002_LoginTest@1fa268de]" started-at="2024-02-04T15:40:22 IST" name="verify_Login" finished-at="2024-02-04T15:40:30 IST" duration-ms="8015" status="PASS">
          <reporter-output>
          </reporter-output>
        </test-method> <!-- verify_Login -->
        <test-method is-config="true" signature="tearDown()[pri:0, instance:testCases.TC_002_LoginTest@1fa268de]" started-at="2024-02-04T15:40:30 IST" name="tearDown" finished-at="2024-02-04T15:40:30 IST" duration-ms="356" status="PASS">
          <reporter-output>
          </reporter-output>
        </test-method> <!-- tearDown -->
      </class> <!-- testCases.TC_002_LoginTest -->
    </test> <!-- Test -->
  </suite> <!-- Suite -->
</testng-results>
